[INFO] [2017-11-25 19:50:20][org.springframework.beans.factory.xml.XmlBeanDefinitionReader]Loading XML bean definitions from class path resource [spring-mybatis.xml]
[INFO] [2017-11-25 19:50:20][org.springframework.context.support.GenericApplicationContext]Refreshing org.springframework.context.support.GenericApplicationContext@a12c19: startup date [Sat Nov 25 19:50:20 CST 2017]; root of context hierarchy
[INFO] [2017-11-25 19:50:20][org.springframework.beans.factory.config.PropertyPlaceholderConfigurer]Loading properties file from class path resource [jdbc.properties]
[INFO] [2017-11-25 19:50:20][org.springframework.beans.factory.annotation.AutowiredAnnotationBeanPostProcessor]JSR-330 'javax.inject.Inject' annotation found and supported for autowiring
[INFO] [2017-11-25 19:50:21][org.springframework.context.support.GenericApplicationContext]Closing org.springframework.context.support.GenericApplicationContext@a12c19: startup date [Sat Nov 25 19:50:20 CST 2017]; root of context hierarchy
[INFO] [2017-11-25 19:50:42][org.springframework.beans.factory.xml.XmlBeanDefinitionReader]Loading XML bean definitions from class path resource [spring-mybatis.xml]
[INFO] [2017-11-25 19:50:43][org.springframework.context.support.GenericApplicationContext]Refreshing org.springframework.context.support.GenericApplicationContext@a12c19: startup date [Sat Nov 25 19:50:43 CST 2017]; root of context hierarchy
[INFO] [2017-11-25 19:50:43][org.springframework.beans.factory.config.PropertyPlaceholderConfigurer]Loading properties file from class path resource [jdbc.properties]
[INFO] [2017-11-25 19:50:43][org.springframework.beans.factory.annotation.AutowiredAnnotationBeanPostProcessor]JSR-330 'javax.inject.Inject' annotation found and supported for autowiring
[INFO] [2017-11-25 19:50:43][org.springframework.context.support.GenericApplicationContext]Closing org.springframework.context.support.GenericApplicationContext@a12c19: startup date [Sat Nov 25 19:50:43 CST 2017]; root of context hierarchy
[INFO] [2017-11-25 20:01:23][org.springframework.beans.factory.xml.XmlBeanDefinitionReader]Loading XML bean definitions from class path resource [spring-mybatis.xml]
[INFO] [2017-11-25 20:01:23][org.springframework.context.support.GenericApplicationContext]Refreshing org.springframework.context.support.GenericApplicationContext@a12c19: startup date [Sat Nov 25 20:01:23 CST 2017]; root of context hierarchy
[INFO] [2017-11-25 20:01:23][org.springframework.beans.factory.config.PropertyPlaceholderConfigurer]Loading properties file from class path resource [jdbc.properties]
[INFO] [2017-11-25 20:01:23][org.springframework.beans.factory.annotation.AutowiredAnnotationBeanPostProcessor]JSR-330 'javax.inject.Inject' annotation found and supported for autowiring
[INFO] [2017-11-25 20:01:23][org.springframework.context.support.GenericApplicationContext]Closing org.springframework.context.support.GenericApplicationContext@a12c19: startup date [Sat Nov 25 20:01:23 CST 2017]; root of context hierarchy
[INFO] [2017-11-25 20:02:35][org.springframework.beans.factory.xml.XmlBeanDefinitionReader]Loading XML bean definitions from class path resource [spring-mybatis.xml]
[INFO] [2017-11-25 20:02:35][org.springframework.context.support.GenericApplicationContext]Refreshing org.springframework.context.support.GenericApplicationContext@a12c19: startup date [Sat Nov 25 20:02:35 CST 2017]; root of context hierarchy
[INFO] [2017-11-25 20:02:35][org.springframework.beans.factory.config.PropertyPlaceholderConfigurer]Loading properties file from class path resource [jdbc.properties]
[INFO] [2017-11-25 20:02:35][org.springframework.beans.factory.annotation.AutowiredAnnotationBeanPostProcessor]JSR-330 'javax.inject.Inject' annotation found and supported for autowiring
[INFO] [2017-11-25 20:02:36][org.springframework.context.support.GenericApplicationContext]Closing org.springframework.context.support.GenericApplicationContext@a12c19: startup date [Sat Nov 25 20:02:35 CST 2017]; root of context hierarchy
[INFO] [2017-11-25 20:16:40][org.springframework.beans.factory.xml.XmlBeanDefinitionReader]Loading XML bean definitions from class path resource [spring-mybatis.xml]
[INFO] [2017-11-25 20:16:40][org.springframework.context.support.GenericApplicationContext]Refreshing org.springframework.context.support.GenericApplicationContext@a12c19: startup date [Sat Nov 25 20:16:40 CST 2017]; root of context hierarchy
[INFO] [2017-11-25 20:16:40][org.springframework.beans.factory.config.PropertyPlaceholderConfigurer]Loading properties file from class path resource [jdbc.properties]
[INFO] [2017-11-25 20:16:40][org.springframework.beans.factory.annotation.AutowiredAnnotationBeanPostProcessor]JSR-330 'javax.inject.Inject' annotation found and supported for autowiring
[INFO] [2017-11-25 20:16:40][com.auction.service.MarketService]market data {"createTime":1511612200801,"marketName":"2017-11-25 11竞拍","marketType":"jingpai","startTime":1511578800800}
[INFO] [2017-11-25 20:16:40][com.auction.service.MarketService]market data {"createTime":1511612200917,"marketName":"2017-11-25 17竞拍","marketType":"jingpai","startTime":1511600400800}
[INFO] [2017-11-25 20:16:40][com.auction.service.MarketService]market data {"createTime":1511612200917,"marketName":"2017-11-25 20竞拍","marketType":"jingpai","startTime":1511611200800}
[INFO] [2017-11-25 20:16:40][com.auction.service.MarketService]market data {"createTime":1511612200918,"marketName":"2017-11-26 11竞拍","marketType":"jingpai","startTime":1511665200800}
[INFO] [2017-11-25 20:16:40][com.auction.service.MarketService]market data {"createTime":1511612200919,"marketName":"2017-11-26 17竞拍","marketType":"jingpai","startTime":1511686800800}
[INFO] [2017-11-25 20:16:40][com.auction.service.MarketService]market data {"createTime":1511612200920,"marketName":"2017-11-26 20竞拍","marketType":"jingpai","startTime":1511697600800}
[INFO] [2017-11-25 20:16:40][org.springframework.context.support.GenericApplicationContext]Closing org.springframework.context.support.GenericApplicationContext@a12c19: startup date [Sat Nov 25 20:16:40 CST 2017]; root of context hierarchy
[INFO] [2017-11-25 20:17:44][org.springframework.beans.factory.xml.XmlBeanDefinitionReader]Loading XML bean definitions from class path resource [spring-mybatis.xml]
[INFO] [2017-11-25 20:17:44][org.springframework.context.support.GenericApplicationContext]Refreshing org.springframework.context.support.GenericApplicationContext@a12c19: startup date [Sat Nov 25 20:17:44 CST 2017]; root of context hierarchy
[INFO] [2017-11-25 20:17:44][org.springframework.beans.factory.config.PropertyPlaceholderConfigurer]Loading properties file from class path resource [jdbc.properties]
[INFO] [2017-11-25 20:17:44][org.springframework.beans.factory.annotation.AutowiredAnnotationBeanPostProcessor]JSR-330 'javax.inject.Inject' annotation found and supported for autowiring
[INFO] [2017-11-25 20:17:45][com.auction.service.MarketService]market data {"createTime":1511612265076,"marketName":"2017-11-25 11竞拍","marketType":"jingpai","startTime":1511578800075}
[INFO] [2017-11-25 20:17:45][org.springframework.beans.factory.xml.XmlBeanDefinitionReader]Loading XML bean definitions from class path resource [org/springframework/jdbc/support/sql-error-codes.xml]
[INFO] [2017-11-25 20:17:45][org.springframework.jdbc.support.SQLErrorCodesFactory]SQLErrorCodes loaded: [DB2, Derby, H2, HSQL, Informix, MS-SQL, MySQL, Oracle, PostgreSQL, Sybase]
[INFO] [2017-11-25 20:17:45][org.springframework.context.support.GenericApplicationContext]Closing org.springframework.context.support.GenericApplicationContext@a12c19: startup date [Sat Nov 25 20:17:44 CST 2017]; root of context hierarchy
[INFO] [2017-11-25 20:22:47][org.springframework.beans.factory.xml.XmlBeanDefinitionReader]Loading XML bean definitions from class path resource [spring-mybatis.xml]
[INFO] [2017-11-25 20:22:47][org.springframework.context.support.GenericApplicationContext]Refreshing org.springframework.context.support.GenericApplicationContext@a12c19: startup date [Sat Nov 25 20:22:47 CST 2017]; root of context hierarchy
[INFO] [2017-11-25 20:22:47][org.springframework.beans.factory.config.PropertyPlaceholderConfigurer]Loading properties file from class path resource [jdbc.properties]
[INFO] [2017-11-25 20:22:47][org.springframework.beans.factory.annotation.AutowiredAnnotationBeanPostProcessor]JSR-330 'javax.inject.Inject' annotation found and supported for autowiring
[INFO] [2017-11-25 20:22:47][com.auction.service.MarketService]market data {"createTime":1511612567898,"marketName":"2017-11-25 11竞拍","marketType":"jingpai","startTime":1511578800897}
[INFO] [2017-11-25 20:22:48][com.auction.service.MarketService]market data {"createTime":1511612568242,"marketName":"2017-11-25 17竞拍","marketType":"jingpai","startTime":1511600400897}
[INFO] [2017-11-25 20:22:48][com.auction.service.MarketService]market data {"createTime":1511612568245,"marketName":"2017-11-25 20竞拍","marketType":"jingpai","startTime":1511611200897}
[INFO] [2017-11-25 20:22:48][com.auction.service.MarketService]market data {"createTime":1511612568248,"marketName":"2017-11-26 11竞拍","marketType":"jingpai","startTime":1511665200897}
[INFO] [2017-11-25 20:22:48][com.auction.service.MarketService]market data {"createTime":1511612568250,"marketName":"2017-11-26 17竞拍","marketType":"jingpai","startTime":1511686800897}
[INFO] [2017-11-25 20:22:48][com.auction.service.MarketService]market data {"createTime":1511612568253,"marketName":"2017-11-26 20竞拍","marketType":"jingpai","startTime":1511697600897}
[INFO] [2017-11-25 20:22:48][org.springframework.context.support.GenericApplicationContext]Closing org.springframework.context.support.GenericApplicationContext@a12c19: startup date [Sat Nov 25 20:22:47 CST 2017]; root of context hierarchy
[INFO] [2017-11-25 20:24:16][org.springframework.beans.factory.xml.XmlBeanDefinitionReader]Loading XML bean definitions from class path resource [spring-mybatis.xml]
[INFO] [2017-11-25 20:24:16][org.springframework.context.support.GenericApplicationContext]Refreshing org.springframework.context.support.GenericApplicationContext@a12c19: startup date [Sat Nov 25 20:24:16 CST 2017]; root of context hierarchy
[INFO] [2017-11-25 20:24:16][org.springframework.beans.factory.config.PropertyPlaceholderConfigurer]Loading properties file from class path resource [jdbc.properties]
[INFO] [2017-11-25 20:24:16][org.springframework.beans.factory.annotation.AutowiredAnnotationBeanPostProcessor]JSR-330 'javax.inject.Inject' annotation found and supported for autowiring
[INFO] [2017-11-25 20:24:17][com.auction.service.MarketService]market data {"createTime":1511612657121,"marketName":"2017-11-25 11:00:00 开始竞拍","marketType":"jingpai","startTime":1511578800120}
[INFO] [2017-11-25 20:24:17][com.auction.service.MarketService]market data {"createTime":1511612657471,"marketName":"2017-11-25 17:00:00 开始竞拍","marketType":"jingpai","startTime":1511600400120}
[INFO] [2017-11-25 20:24:17][com.auction.service.MarketService]market data {"createTime":1511612657474,"marketName":"2017-11-25 20:00:00 开始竞拍","marketType":"jingpai","startTime":1511611200120}
[INFO] [2017-11-25 20:24:17][com.auction.service.MarketService]market data {"createTime":1511612657477,"marketName":"2017-11-26 11:00:00 开始竞拍","marketType":"jingpai","startTime":1511665200120}
[INFO] [2017-11-25 20:24:17][com.auction.service.MarketService]market data {"createTime":1511612657480,"marketName":"2017-11-26 17:00:00 开始竞拍","marketType":"jingpai","startTime":1511686800120}
[INFO] [2017-11-25 20:24:17][com.auction.service.MarketService]market data {"createTime":1511612657483,"marketName":"2017-11-26 20:00:00 开始竞拍","marketType":"jingpai","startTime":1511697600120}
[INFO] [2017-11-25 20:24:17][org.springframework.context.support.GenericApplicationContext]Closing org.springframework.context.support.GenericApplicationContext@a12c19: startup date [Sat Nov 25 20:24:16 CST 2017]; root of context hierarchy
[INFO] [2017-11-25 20:51:29][org.springframework.beans.factory.xml.XmlBeanDefinitionReader]Loading XML bean definitions from class path resource [spring-mybatis.xml]
[INFO] [2017-11-25 20:51:30][org.springframework.context.support.GenericApplicationContext]Refreshing org.springframework.context.support.GenericApplicationContext@e139a4: startup date [Sat Nov 25 20:51:30 CST 2017]; root of context hierarchy
[INFO] [2017-11-25 20:51:30][org.springframework.beans.factory.config.PropertyPlaceholderConfigurer]Loading properties file from class path resource [jdbc.properties]
[INFO] [2017-11-25 20:51:30][org.springframework.beans.factory.annotation.AutowiredAnnotationBeanPostProcessor]JSR-330 'javax.inject.Inject' annotation found and supported for autowiring
[INFO] [2017-11-25 20:51:30][com.auction.service.MarketService]market data {"createTime":1511614290692,"marketName":"2017-11-25 11:00:00 开始竞拍","marketType":"jingpai","startTime":1511578800691}
[INFO] [2017-11-25 20:51:31][com.auction.service.MarketService]market data {"createTime":1511614291110,"marketName":"2017-11-25 17:00:00 开始竞拍","marketType":"jingpai","startTime":1511600400691}
[INFO] [2017-11-25 20:51:31][com.auction.service.MarketService]market data {"createTime":1511614291114,"marketName":"2017-11-25 20:00:00 开始竞拍","marketType":"jingpai","startTime":1511611200691}
[INFO] [2017-11-25 20:51:31][com.auction.service.MarketService]market data {"createTime":1511614291119,"marketName":"2017-11-26 11:00:00 开始竞拍","marketType":"jingpai","startTime":1511665200691}
[INFO] [2017-11-25 20:51:31][com.auction.service.MarketService]market data {"createTime":1511614291123,"marketName":"2017-11-26 17:00:00 开始竞拍","marketType":"jingpai","startTime":1511686800691}
[INFO] [2017-11-25 20:51:31][com.auction.service.MarketService]market data {"createTime":1511614291129,"marketName":"2017-11-26 20:00:00 开始竞拍","marketType":"jingpai","startTime":1511697600691}
[INFO] [2017-11-25 20:51:31][org.springframework.context.support.GenericApplicationContext]Closing org.springframework.context.support.GenericApplicationContext@e139a4: startup date [Sat Nov 25 20:51:30 CST 2017]; root of context hierarchy
[INFO] [2017-11-25 22:23:12][org.springframework.beans.factory.xml.XmlBeanDefinitionReader]Loading XML bean definitions from class path resource [spring-mybatis.xml]
[INFO] [2017-11-25 22:23:13][org.springframework.context.support.GenericApplicationContext]Refreshing org.springframework.context.support.GenericApplicationContext@a12c19: startup date [Sat Nov 25 22:23:13 CST 2017]; root of context hierarchy
[INFO] [2017-11-25 22:23:13][org.springframework.beans.factory.config.PropertyPlaceholderConfigurer]Loading properties file from class path resource [jdbc.properties]
[INFO] [2017-11-25 22:23:13][org.springframework.beans.factory.annotation.AutowiredAnnotationBeanPostProcessor]JSR-330 'javax.inject.Inject' annotation found and supported for autowiring
[INFO] [2017-11-25 22:23:13][org.springframework.scheduling.concurrent.ThreadPoolTaskExecutor]Initializing ExecutorService 
[INFO] [2017-11-25 22:23:13][org.springframework.context.support.PostProcessorRegistrationDelegate$BeanPostProcessorChecker]Bean 'executor' of type [class org.springframework.scheduling.config.TaskExecutorFactoryBean] is not eligible for getting processed by all BeanPostProcessors (for example: not eligible for auto-proxying)
[INFO] [2017-11-25 22:23:13][org.springframework.context.support.PostProcessorRegistrationDelegate$BeanPostProcessorChecker]Bean 'executor' of type [class org.springframework.scheduling.concurrent.ThreadPoolTaskExecutor] is not eligible for getting processed by all BeanPostProcessors (for example: not eligible for auto-proxying)
[INFO] [2017-11-25 22:23:13][org.springframework.scheduling.concurrent.ThreadPoolTaskScheduler]Initializing ExecutorService  'scheduler'
[INFO] [2017-11-25 22:23:13][org.springframework.context.support.PostProcessorRegistrationDelegate$BeanPostProcessorChecker]Bean 'scheduler' of type [class org.springframework.scheduling.concurrent.ThreadPoolTaskScheduler] is not eligible for getting processed by all BeanPostProcessors (for example: not eligible for auto-proxying)
[INFO] [2017-11-25 22:23:14][org.springframework.context.support.GenericApplicationContext]Closing org.springframework.context.support.GenericApplicationContext@a12c19: startup date [Sat Nov 25 22:23:13 CST 2017]; root of context hierarchy
[INFO] [2017-11-25 22:23:14][org.springframework.scheduling.concurrent.ThreadPoolTaskScheduler]Shutting down ExecutorService 'scheduler'
[INFO] [2017-11-25 22:23:14][org.springframework.scheduling.concurrent.ThreadPoolTaskExecutor]Shutting down ExecutorService
[INFO] [2017-11-25 22:24:41][org.springframework.beans.factory.xml.XmlBeanDefinitionReader]Loading XML bean definitions from class path resource [spring-mybatis.xml]
[INFO] [2017-11-25 22:24:41][org.springframework.context.support.GenericApplicationContext]Refreshing org.springframework.context.support.GenericApplicationContext@a12c19: startup date [Sat Nov 25 22:24:41 CST 2017]; root of context hierarchy
[INFO] [2017-11-25 22:24:41][org.springframework.beans.factory.config.PropertyPlaceholderConfigurer]Loading properties file from class path resource [jdbc.properties]
[INFO] [2017-11-25 22:24:41][org.springframework.beans.factory.annotation.AutowiredAnnotationBeanPostProcessor]JSR-330 'javax.inject.Inject' annotation found and supported for autowiring
[INFO] [2017-11-25 22:24:41][org.springframework.scheduling.concurrent.ThreadPoolTaskExecutor]Initializing ExecutorService 
[INFO] [2017-11-25 22:24:41][org.springframework.context.support.PostProcessorRegistrationDelegate$BeanPostProcessorChecker]Bean 'executor' of type [class org.springframework.scheduling.config.TaskExecutorFactoryBean] is not eligible for getting processed by all BeanPostProcessors (for example: not eligible for auto-proxying)
[INFO] [2017-11-25 22:24:41][org.springframework.context.support.PostProcessorRegistrationDelegate$BeanPostProcessorChecker]Bean 'executor' of type [class org.springframework.scheduling.concurrent.ThreadPoolTaskExecutor] is not eligible for getting processed by all BeanPostProcessors (for example: not eligible for auto-proxying)
[INFO] [2017-11-25 22:24:41][org.springframework.scheduling.concurrent.ThreadPoolTaskScheduler]Initializing ExecutorService  'scheduler'
[INFO] [2017-11-25 22:24:41][org.springframework.context.support.PostProcessorRegistrationDelegate$BeanPostProcessorChecker]Bean 'scheduler' of type [class org.springframework.scheduling.concurrent.ThreadPoolTaskScheduler] is not eligible for getting processed by all BeanPostProcessors (for example: not eligible for auto-proxying)
[INFO] [2017-11-25 22:24:42][org.springframework.context.support.GenericApplicationContext]Closing org.springframework.context.support.GenericApplicationContext@a12c19: startup date [Sat Nov 25 22:24:41 CST 2017]; root of context hierarchy
[INFO] [2017-11-25 22:24:42][org.springframework.scheduling.concurrent.ThreadPoolTaskScheduler]Shutting down ExecutorService 'scheduler'
[INFO] [2017-11-25 22:24:42][org.springframework.scheduling.concurrent.ThreadPoolTaskExecutor]Shutting down ExecutorService
[INFO] [2017-11-25 22:24:52][org.springframework.beans.factory.xml.XmlBeanDefinitionReader]Loading XML bean definitions from class path resource [spring-mybatis.xml]
[INFO] [2017-11-25 22:24:52][org.springframework.context.support.GenericApplicationContext]Refreshing org.springframework.context.support.GenericApplicationContext@a12c19: startup date [Sat Nov 25 22:24:52 CST 2017]; root of context hierarchy
[INFO] [2017-11-25 22:24:53][org.springframework.beans.factory.config.PropertyPlaceholderConfigurer]Loading properties file from class path resource [jdbc.properties]
[INFO] [2017-11-25 22:24:53][org.springframework.beans.factory.annotation.AutowiredAnnotationBeanPostProcessor]JSR-330 'javax.inject.Inject' annotation found and supported for autowiring
[INFO] [2017-11-25 22:24:53][org.springframework.scheduling.concurrent.ThreadPoolTaskExecutor]Initializing ExecutorService 
[INFO] [2017-11-25 22:24:53][org.springframework.context.support.PostProcessorRegistrationDelegate$BeanPostProcessorChecker]Bean 'executor' of type [class org.springframework.scheduling.config.TaskExecutorFactoryBean] is not eligible for getting processed by all BeanPostProcessors (for example: not eligible for auto-proxying)
[INFO] [2017-11-25 22:24:53][org.springframework.context.support.PostProcessorRegistrationDelegate$BeanPostProcessorChecker]Bean 'executor' of type [class org.springframework.scheduling.concurrent.ThreadPoolTaskExecutor] is not eligible for getting processed by all BeanPostProcessors (for example: not eligible for auto-proxying)
[INFO] [2017-11-25 22:24:53][org.springframework.scheduling.concurrent.ThreadPoolTaskScheduler]Initializing ExecutorService  'scheduler'
[INFO] [2017-11-25 22:24:53][org.springframework.context.support.PostProcessorRegistrationDelegate$BeanPostProcessorChecker]Bean 'scheduler' of type [class org.springframework.scheduling.concurrent.ThreadPoolTaskScheduler] is not eligible for getting processed by all BeanPostProcessors (for example: not eligible for auto-proxying)
[INFO] [2017-11-25 22:24:53][org.springframework.context.support.GenericApplicationContext]Closing org.springframework.context.support.GenericApplicationContext@a12c19: startup date [Sat Nov 25 22:24:52 CST 2017]; root of context hierarchy
[INFO] [2017-11-25 22:24:53][org.springframework.scheduling.concurrent.ThreadPoolTaskScheduler]Shutting down ExecutorService 'scheduler'
[INFO] [2017-11-25 22:24:53][org.springframework.scheduling.concurrent.ThreadPoolTaskExecutor]Shutting down ExecutorService
[INFO] [2017-11-25 22:34:56][org.springframework.beans.factory.xml.XmlBeanDefinitionReader]Loading XML bean definitions from class path resource [spring-mybatis.xml]
[INFO] [2017-11-25 22:34:56][org.springframework.context.support.GenericApplicationContext]Refreshing org.springframework.context.support.GenericApplicationContext@a12c19: startup date [Sat Nov 25 22:34:56 CST 2017]; root of context hierarchy
[INFO] [2017-11-25 22:34:56][org.springframework.beans.factory.config.PropertyPlaceholderConfigurer]Loading properties file from class path resource [jdbc.properties]
[INFO] [2017-11-25 22:34:56][org.springframework.beans.factory.annotation.AutowiredAnnotationBeanPostProcessor]JSR-330 'javax.inject.Inject' annotation found and supported for autowiring
[INFO] [2017-11-25 22:34:56][org.springframework.scheduling.concurrent.ThreadPoolTaskExecutor]Initializing ExecutorService 
[INFO] [2017-11-25 22:34:56][org.springframework.context.support.PostProcessorRegistrationDelegate$BeanPostProcessorChecker]Bean 'executor' of type [class org.springframework.scheduling.config.TaskExecutorFactoryBean] is not eligible for getting processed by all BeanPostProcessors (for example: not eligible for auto-proxying)
[INFO] [2017-11-25 22:34:56][org.springframework.context.support.PostProcessorRegistrationDelegate$BeanPostProcessorChecker]Bean 'executor' of type [class org.springframework.scheduling.concurrent.ThreadPoolTaskExecutor] is not eligible for getting processed by all BeanPostProcessors (for example: not eligible for auto-proxying)
[INFO] [2017-11-25 22:34:56][org.springframework.scheduling.concurrent.ThreadPoolTaskScheduler]Initializing ExecutorService  'scheduler'
[INFO] [2017-11-25 22:34:56][org.springframework.context.support.PostProcessorRegistrationDelegate$BeanPostProcessorChecker]Bean 'scheduler' of type [class org.springframework.scheduling.concurrent.ThreadPoolTaskScheduler] is not eligible for getting processed by all BeanPostProcessors (for example: not eligible for auto-proxying)
[INFO] [2017-11-25 22:34:57][com.auction.service.MarketService]market data {"createTime":1511620497172,"marketName":"2017-11-25 11:00:00 开始竞拍","marketType":"jingpai","startTime":1511578800}
[INFO] [2017-11-25 22:34:57][com.auction.service.MarketService]market data {"createTime":1511620497506,"marketName":"2017-11-25 17:00:00 开始竞拍","marketType":"jingpai","startTime":1511600400}
[INFO] [2017-11-25 22:34:57][com.auction.service.MarketService]market data {"createTime":1511620497508,"marketName":"2017-11-25 20:00:00 开始竞拍","marketType":"jingpai","startTime":1511611200}
[INFO] [2017-11-25 22:34:57][com.auction.service.MarketService]market data {"createTime":1511620497511,"marketName":"2017-11-26 11:00:00 开始竞拍","marketType":"jingpai","startTime":1511665200}
[INFO] [2017-11-25 22:34:57][com.auction.service.MarketService]market data {"createTime":1511620497514,"marketName":"2017-11-26 17:00:00 开始竞拍","marketType":"jingpai","startTime":1511686800}
[INFO] [2017-11-25 22:34:57][com.auction.service.MarketService]market data {"createTime":1511620497517,"marketName":"2017-11-26 20:00:00 开始竞拍","marketType":"jingpai","startTime":1511697600}
[INFO] [2017-11-25 22:34:57][org.springframework.context.support.GenericApplicationContext]Closing org.springframework.context.support.GenericApplicationContext@a12c19: startup date [Sat Nov 25 22:34:56 CST 2017]; root of context hierarchy
[INFO] [2017-11-25 22:34:57][org.springframework.scheduling.concurrent.ThreadPoolTaskScheduler]Shutting down ExecutorService 'scheduler'
[INFO] [2017-11-25 22:34:57][org.springframework.scheduling.concurrent.ThreadPoolTaskExecutor]Shutting down ExecutorService
[INFO] [2017-11-25 22:37:43][org.springframework.beans.factory.xml.XmlBeanDefinitionReader]Loading XML bean definitions from class path resource [spring-mybatis.xml]
[INFO] [2017-11-25 22:37:43][org.springframework.context.support.GenericApplicationContext]Refreshing org.springframework.context.support.GenericApplicationContext@a12c19: startup date [Sat Nov 25 22:37:43 CST 2017]; root of context hierarchy
[INFO] [2017-11-25 22:37:43][org.springframework.beans.factory.config.PropertyPlaceholderConfigurer]Loading properties file from class path resource [jdbc.properties]
[INFO] [2017-11-25 22:37:43][org.springframework.beans.factory.annotation.AutowiredAnnotationBeanPostProcessor]JSR-330 'javax.inject.Inject' annotation found and supported for autowiring
[INFO] [2017-11-25 22:37:43][org.springframework.scheduling.concurrent.ThreadPoolTaskExecutor]Initializing ExecutorService 
[INFO] [2017-11-25 22:37:43][org.springframework.context.support.PostProcessorRegistrationDelegate$BeanPostProcessorChecker]Bean 'executor' of type [class org.springframework.scheduling.config.TaskExecutorFactoryBean] is not eligible for getting processed by all BeanPostProcessors (for example: not eligible for auto-proxying)
[INFO] [2017-11-25 22:37:43][org.springframework.context.support.PostProcessorRegistrationDelegate$BeanPostProcessorChecker]Bean 'executor' of type [class org.springframework.scheduling.concurrent.ThreadPoolTaskExecutor] is not eligible for getting processed by all BeanPostProcessors (for example: not eligible for auto-proxying)
[INFO] [2017-11-25 22:37:43][org.springframework.scheduling.concurrent.ThreadPoolTaskScheduler]Initializing ExecutorService  'scheduler'
[INFO] [2017-11-25 22:37:43][org.springframework.context.support.PostProcessorRegistrationDelegate$BeanPostProcessorChecker]Bean 'scheduler' of type [class org.springframework.scheduling.concurrent.ThreadPoolTaskScheduler] is not eligible for getting processed by all BeanPostProcessors (for example: not eligible for auto-proxying)
[INFO] [2017-11-25 22:37:44][org.springframework.context.support.GenericApplicationContext]Closing org.springframework.context.support.GenericApplicationContext@a12c19: startup date [Sat Nov 25 22:37:43 CST 2017]; root of context hierarchy
[INFO] [2017-11-25 22:37:44][org.springframework.scheduling.concurrent.ThreadPoolTaskScheduler]Shutting down ExecutorService 'scheduler'
[INFO] [2017-11-25 22:37:44][org.springframework.scheduling.concurrent.ThreadPoolTaskExecutor]Shutting down ExecutorService
[INFO] [2017-11-25 22:38:23][org.springframework.beans.factory.xml.XmlBeanDefinitionReader]Loading XML bean definitions from class path resource [spring-mybatis.xml]
[INFO] [2017-11-25 22:38:24][org.springframework.context.support.GenericApplicationContext]Refreshing org.springframework.context.support.GenericApplicationContext@a12c19: startup date [Sat Nov 25 22:38:24 CST 2017]; root of context hierarchy
[INFO] [2017-11-25 22:38:24][org.springframework.beans.factory.config.PropertyPlaceholderConfigurer]Loading properties file from class path resource [jdbc.properties]
[INFO] [2017-11-25 22:38:24][org.springframework.beans.factory.annotation.AutowiredAnnotationBeanPostProcessor]JSR-330 'javax.inject.Inject' annotation found and supported for autowiring
[INFO] [2017-11-25 22:38:24][org.springframework.scheduling.concurrent.ThreadPoolTaskExecutor]Initializing ExecutorService 
[INFO] [2017-11-25 22:38:24][org.springframework.context.support.PostProcessorRegistrationDelegate$BeanPostProcessorChecker]Bean 'executor' of type [class org.springframework.scheduling.config.TaskExecutorFactoryBean] is not eligible for getting processed by all BeanPostProcessors (for example: not eligible for auto-proxying)
[INFO] [2017-11-25 22:38:24][org.springframework.context.support.PostProcessorRegistrationDelegate$BeanPostProcessorChecker]Bean 'executor' of type [class org.springframework.scheduling.concurrent.ThreadPoolTaskExecutor] is not eligible for getting processed by all BeanPostProcessors (for example: not eligible for auto-proxying)
[INFO] [2017-11-25 22:38:24][org.springframework.scheduling.concurrent.ThreadPoolTaskScheduler]Initializing ExecutorService  'scheduler'
[INFO] [2017-11-25 22:38:24][org.springframework.context.support.PostProcessorRegistrationDelegate$BeanPostProcessorChecker]Bean 'scheduler' of type [class org.springframework.scheduling.concurrent.ThreadPoolTaskScheduler] is not eligible for getting processed by all BeanPostProcessors (for example: not eligible for auto-proxying)
[INFO] [2017-11-25 22:38:25][org.springframework.context.support.GenericApplicationContext]Closing org.springframework.context.support.GenericApplicationContext@a12c19: startup date [Sat Nov 25 22:38:24 CST 2017]; root of context hierarchy
[INFO] [2017-11-25 22:38:25][org.springframework.scheduling.concurrent.ThreadPoolTaskScheduler]Shutting down ExecutorService 'scheduler'
[INFO] [2017-11-25 22:38:25][org.springframework.scheduling.concurrent.ThreadPoolTaskExecutor]Shutting down ExecutorService
[INFO] [2017-11-26 09:36:55][org.springframework.beans.factory.xml.XmlBeanDefinitionReader]Loading XML bean definitions from class path resource [spring-mybatis.xml]
[INFO] [2017-11-26 09:36:55][org.springframework.context.support.GenericApplicationContext]Refreshing org.springframework.context.support.GenericApplicationContext@a12c19: startup date [Sun Nov 26 09:36:55 CST 2017]; root of context hierarchy
[INFO] [2017-11-26 09:36:55][org.springframework.beans.factory.config.PropertyPlaceholderConfigurer]Loading properties file from class path resource [jdbc.properties]
[INFO] [2017-11-26 09:36:55][org.springframework.beans.factory.annotation.AutowiredAnnotationBeanPostProcessor]JSR-330 'javax.inject.Inject' annotation found and supported for autowiring
[INFO] [2017-11-26 09:36:56][org.springframework.scheduling.concurrent.ThreadPoolTaskExecutor]Initializing ExecutorService 
[INFO] [2017-11-26 09:36:56][org.springframework.context.support.PostProcessorRegistrationDelegate$BeanPostProcessorChecker]Bean 'executor' of type [class org.springframework.scheduling.config.TaskExecutorFactoryBean] is not eligible for getting processed by all BeanPostProcessors (for example: not eligible for auto-proxying)
[INFO] [2017-11-26 09:36:56][org.springframework.context.support.PostProcessorRegistrationDelegate$BeanPostProcessorChecker]Bean 'executor' of type [class org.springframework.scheduling.concurrent.ThreadPoolTaskExecutor] is not eligible for getting processed by all BeanPostProcessors (for example: not eligible for auto-proxying)
[INFO] [2017-11-26 09:36:56][org.springframework.scheduling.concurrent.ThreadPoolTaskScheduler]Initializing ExecutorService  'scheduler'
[INFO] [2017-11-26 09:36:56][org.springframework.context.support.PostProcessorRegistrationDelegate$BeanPostProcessorChecker]Bean 'scheduler' of type [class org.springframework.scheduling.concurrent.ThreadPoolTaskScheduler] is not eligible for getting processed by all BeanPostProcessors (for example: not eligible for auto-proxying)
[INFO] [2017-11-26 09:36:57][org.springframework.context.support.GenericApplicationContext]Closing org.springframework.context.support.GenericApplicationContext@a12c19: startup date [Sun Nov 26 09:36:55 CST 2017]; root of context hierarchy
[INFO] [2017-11-26 09:36:57][org.springframework.scheduling.concurrent.ThreadPoolTaskScheduler]Shutting down ExecutorService 'scheduler'
[INFO] [2017-11-26 09:36:57][org.springframework.scheduling.concurrent.ThreadPoolTaskExecutor]Shutting down ExecutorService
[INFO] [2017-11-26 09:39:36][org.springframework.beans.factory.xml.XmlBeanDefinitionReader]Loading XML bean definitions from class path resource [spring-mybatis.xml]
[INFO] [2017-11-26 09:39:36][org.springframework.context.support.GenericApplicationContext]Refreshing org.springframework.context.support.GenericApplicationContext@a12c19: startup date [Sun Nov 26 09:39:36 CST 2017]; root of context hierarchy
[INFO] [2017-11-26 09:39:36][org.springframework.beans.factory.config.PropertyPlaceholderConfigurer]Loading properties file from class path resource [jdbc.properties]
[INFO] [2017-11-26 09:39:36][org.springframework.beans.factory.annotation.AutowiredAnnotationBeanPostProcessor]JSR-330 'javax.inject.Inject' annotation found and supported for autowiring
[INFO] [2017-11-26 09:39:36][org.springframework.scheduling.concurrent.ThreadPoolTaskExecutor]Initializing ExecutorService 
[INFO] [2017-11-26 09:39:36][org.springframework.context.support.PostProcessorRegistrationDelegate$BeanPostProcessorChecker]Bean 'executor' of type [class org.springframework.scheduling.config.TaskExecutorFactoryBean] is not eligible for getting processed by all BeanPostProcessors (for example: not eligible for auto-proxying)
[INFO] [2017-11-26 09:39:36][org.springframework.context.support.PostProcessorRegistrationDelegate$BeanPostProcessorChecker]Bean 'executor' of type [class org.springframework.scheduling.concurrent.ThreadPoolTaskExecutor] is not eligible for getting processed by all BeanPostProcessors (for example: not eligible for auto-proxying)
[INFO] [2017-11-26 09:39:36][org.springframework.scheduling.concurrent.ThreadPoolTaskScheduler]Initializing ExecutorService  'scheduler'
[INFO] [2017-11-26 09:39:36][org.springframework.context.support.PostProcessorRegistrationDelegate$BeanPostProcessorChecker]Bean 'scheduler' of type [class org.springframework.scheduling.concurrent.ThreadPoolTaskScheduler] is not eligible for getting processed by all BeanPostProcessors (for example: not eligible for auto-proxying)
[INFO] [2017-11-26 09:39:37][org.springframework.context.support.GenericApplicationContext]Closing org.springframework.context.support.GenericApplicationContext@a12c19: startup date [Sun Nov 26 09:39:36 CST 2017]; root of context hierarchy
[INFO] [2017-11-26 09:39:37][org.springframework.scheduling.concurrent.ThreadPoolTaskScheduler]Shutting down ExecutorService 'scheduler'
[INFO] [2017-11-26 09:39:37][org.springframework.scheduling.concurrent.ThreadPoolTaskExecutor]Shutting down ExecutorService
[INFO] [2017-11-26 09:57:07][org.springframework.beans.factory.xml.XmlBeanDefinitionReader]Loading XML bean definitions from class path resource [spring-mybatis.xml]
[INFO] [2017-11-26 09:57:07][org.springframework.context.support.GenericApplicationContext]Refreshing org.springframework.context.support.GenericApplicationContext@a12c19: startup date [Sun Nov 26 09:57:07 CST 2017]; root of context hierarchy
[INFO] [2017-11-26 09:57:08][org.springframework.beans.factory.config.PropertyPlaceholderConfigurer]Loading properties file from class path resource [jdbc.properties]
[INFO] [2017-11-26 09:57:08][org.springframework.beans.factory.annotation.AutowiredAnnotationBeanPostProcessor]JSR-330 'javax.inject.Inject' annotation found and supported for autowiring
[INFO] [2017-11-26 09:57:08][org.springframework.scheduling.concurrent.ThreadPoolTaskExecutor]Initializing ExecutorService 
[INFO] [2017-11-26 09:57:08][org.springframework.context.support.PostProcessorRegistrationDelegate$BeanPostProcessorChecker]Bean 'executor' of type [class org.springframework.scheduling.config.TaskExecutorFactoryBean] is not eligible for getting processed by all BeanPostProcessors (for example: not eligible for auto-proxying)
[INFO] [2017-11-26 09:57:08][org.springframework.context.support.PostProcessorRegistrationDelegate$BeanPostProcessorChecker]Bean 'executor' of type [class org.springframework.scheduling.concurrent.ThreadPoolTaskExecutor] is not eligible for getting processed by all BeanPostProcessors (for example: not eligible for auto-proxying)
[INFO] [2017-11-26 09:57:08][org.springframework.scheduling.concurrent.ThreadPoolTaskScheduler]Initializing ExecutorService  'scheduler'
[INFO] [2017-11-26 09:57:08][org.springframework.context.support.PostProcessorRegistrationDelegate$BeanPostProcessorChecker]Bean 'scheduler' of type [class org.springframework.scheduling.concurrent.ThreadPoolTaskScheduler] is not eligible for getting processed by all BeanPostProcessors (for example: not eligible for auto-proxying)
[INFO] [2017-11-26 09:57:08][org.springframework.context.support.GenericApplicationContext]Closing org.springframework.context.support.GenericApplicationContext@a12c19: startup date [Sun Nov 26 09:57:07 CST 2017]; root of context hierarchy
[INFO] [2017-11-26 09:57:08][org.springframework.scheduling.concurrent.ThreadPoolTaskScheduler]Shutting down ExecutorService 'scheduler'
[INFO] [2017-11-26 09:57:08][org.springframework.scheduling.concurrent.ThreadPoolTaskExecutor]Shutting down ExecutorService
[INFO] [2017-11-26 10:04:15][org.springframework.beans.factory.xml.XmlBeanDefinitionReader]Loading XML bean definitions from class path resource [spring-mybatis.xml]
[INFO] [2017-11-26 10:04:15][org.springframework.context.support.GenericApplicationContext]Refreshing org.springframework.context.support.GenericApplicationContext@a12c19: startup date [Sun Nov 26 10:04:15 CST 2017]; root of context hierarchy
[INFO] [2017-11-26 10:04:15][org.springframework.beans.factory.config.PropertyPlaceholderConfigurer]Loading properties file from class path resource [jdbc.properties]
[INFO] [2017-11-26 10:04:15][org.springframework.beans.factory.annotation.AutowiredAnnotationBeanPostProcessor]JSR-330 'javax.inject.Inject' annotation found and supported for autowiring
[INFO] [2017-11-26 10:04:15][org.springframework.scheduling.concurrent.ThreadPoolTaskExecutor]Initializing ExecutorService 
[INFO] [2017-11-26 10:04:15][org.springframework.context.support.PostProcessorRegistrationDelegate$BeanPostProcessorChecker]Bean 'executor' of type [class org.springframework.scheduling.config.TaskExecutorFactoryBean] is not eligible for getting processed by all BeanPostProcessors (for example: not eligible for auto-proxying)
[INFO] [2017-11-26 10:04:15][org.springframework.context.support.PostProcessorRegistrationDelegate$BeanPostProcessorChecker]Bean 'executor' of type [class org.springframework.scheduling.concurrent.ThreadPoolTaskExecutor] is not eligible for getting processed by all BeanPostProcessors (for example: not eligible for auto-proxying)
[INFO] [2017-11-26 10:04:15][org.springframework.scheduling.concurrent.ThreadPoolTaskScheduler]Initializing ExecutorService  'scheduler'
[INFO] [2017-11-26 10:04:15][org.springframework.context.support.PostProcessorRegistrationDelegate$BeanPostProcessorChecker]Bean 'scheduler' of type [class org.springframework.scheduling.concurrent.ThreadPoolTaskScheduler] is not eligible for getting processed by all BeanPostProcessors (for example: not eligible for auto-proxying)
[INFO] [2017-11-26 10:04:16][org.springframework.context.support.GenericApplicationContext]Closing org.springframework.context.support.GenericApplicationContext@a12c19: startup date [Sun Nov 26 10:04:15 CST 2017]; root of context hierarchy
[INFO] [2017-11-26 10:04:16][org.springframework.scheduling.concurrent.ThreadPoolTaskScheduler]Shutting down ExecutorService 'scheduler'
[INFO] [2017-11-26 10:04:16][org.springframework.scheduling.concurrent.ThreadPoolTaskExecutor]Shutting down ExecutorService
[INFO] [2017-11-26 10:04:49][org.springframework.beans.factory.xml.XmlBeanDefinitionReader]Loading XML bean definitions from class path resource [spring-mybatis.xml]
[INFO] [2017-11-26 10:04:49][org.springframework.context.support.GenericApplicationContext]Refreshing org.springframework.context.support.GenericApplicationContext@a12c19: startup date [Sun Nov 26 10:04:49 CST 2017]; root of context hierarchy
[INFO] [2017-11-26 10:04:49][org.springframework.beans.factory.config.PropertyPlaceholderConfigurer]Loading properties file from class path resource [jdbc.properties]
[INFO] [2017-11-26 10:04:49][org.springframework.beans.factory.annotation.AutowiredAnnotationBeanPostProcessor]JSR-330 'javax.inject.Inject' annotation found and supported for autowiring
[INFO] [2017-11-26 10:04:49][org.springframework.scheduling.concurrent.ThreadPoolTaskExecutor]Initializing ExecutorService 
[INFO] [2017-11-26 10:04:49][org.springframework.context.support.PostProcessorRegistrationDelegate$BeanPostProcessorChecker]Bean 'executor' of type [class org.springframework.scheduling.config.TaskExecutorFactoryBean] is not eligible for getting processed by all BeanPostProcessors (for example: not eligible for auto-proxying)
[INFO] [2017-11-26 10:04:49][org.springframework.context.support.PostProcessorRegistrationDelegate$BeanPostProcessorChecker]Bean 'executor' of type [class org.springframework.scheduling.concurrent.ThreadPoolTaskExecutor] is not eligible for getting processed by all BeanPostProcessors (for example: not eligible for auto-proxying)
[INFO] [2017-11-26 10:04:49][org.springframework.scheduling.concurrent.ThreadPoolTaskScheduler]Initializing ExecutorService  'scheduler'
[INFO] [2017-11-26 10:04:49][org.springframework.context.support.PostProcessorRegistrationDelegate$BeanPostProcessorChecker]Bean 'scheduler' of type [class org.springframework.scheduling.concurrent.ThreadPoolTaskScheduler] is not eligible for getting processed by all BeanPostProcessors (for example: not eligible for auto-proxying)
[INFO] [2017-11-26 10:04:50][org.springframework.context.support.GenericApplicationContext]Closing org.springframework.context.support.GenericApplicationContext@a12c19: startup date [Sun Nov 26 10:04:49 CST 2017]; root of context hierarchy
[INFO] [2017-11-26 10:04:50][org.springframework.scheduling.concurrent.ThreadPoolTaskScheduler]Shutting down ExecutorService 'scheduler'
[INFO] [2017-11-26 10:04:50][org.springframework.scheduling.concurrent.ThreadPoolTaskExecutor]Shutting down ExecutorService
[INFO] [2017-11-26 12:14:26][org.springframework.beans.factory.xml.XmlBeanDefinitionReader]Loading XML bean definitions from class path resource [spring-mybatis.xml]
[INFO] [2017-11-26 12:14:26][org.springframework.context.support.GenericApplicationContext]Refreshing org.springframework.context.support.GenericApplicationContext@a12c19: startup date [Sun Nov 26 12:14:26 CST 2017]; root of context hierarchy
[INFO] [2017-11-26 12:14:26][org.springframework.beans.factory.config.PropertyPlaceholderConfigurer]Loading properties file from class path resource [jdbc.properties]
[INFO] [2017-11-26 12:14:26][org.springframework.beans.factory.annotation.AutowiredAnnotationBeanPostProcessor]JSR-330 'javax.inject.Inject' annotation found and supported for autowiring
[INFO] [2017-11-26 12:14:26][org.springframework.scheduling.concurrent.ThreadPoolTaskExecutor]Initializing ExecutorService 
[INFO] [2017-11-26 12:14:26][org.springframework.context.support.PostProcessorRegistrationDelegate$BeanPostProcessorChecker]Bean 'executor' of type [class org.springframework.scheduling.config.TaskExecutorFactoryBean] is not eligible for getting processed by all BeanPostProcessors (for example: not eligible for auto-proxying)
[INFO] [2017-11-26 12:14:26][org.springframework.context.support.PostProcessorRegistrationDelegate$BeanPostProcessorChecker]Bean 'executor' of type [class org.springframework.scheduling.concurrent.ThreadPoolTaskExecutor] is not eligible for getting processed by all BeanPostProcessors (for example: not eligible for auto-proxying)
[INFO] [2017-11-26 12:14:26][org.springframework.scheduling.concurrent.ThreadPoolTaskScheduler]Initializing ExecutorService  'scheduler'
[INFO] [2017-11-26 12:14:26][org.springframework.context.support.PostProcessorRegistrationDelegate$BeanPostProcessorChecker]Bean 'scheduler' of type [class org.springframework.scheduling.concurrent.ThreadPoolTaskScheduler] is not eligible for getting processed by all BeanPostProcessors (for example: not eligible for auto-proxying)
[INFO] [2017-11-26 12:14:27][org.springframework.context.support.GenericApplicationContext]Closing org.springframework.context.support.GenericApplicationContext@a12c19: startup date [Sun Nov 26 12:14:26 CST 2017]; root of context hierarchy
[INFO] [2017-11-26 12:14:27][org.springframework.scheduling.concurrent.ThreadPoolTaskScheduler]Shutting down ExecutorService 'scheduler'
[INFO] [2017-11-26 12:14:27][org.springframework.scheduling.concurrent.ThreadPoolTaskExecutor]Shutting down ExecutorService
[INFO] [2017-11-26 12:14:39][org.springframework.beans.factory.xml.XmlBeanDefinitionReader]Loading XML bean definitions from class path resource [spring-mybatis.xml]
[INFO] [2017-11-26 12:14:39][org.springframework.context.support.GenericApplicationContext]Refreshing org.springframework.context.support.GenericApplicationContext@a12c19: startup date [Sun Nov 26 12:14:39 CST 2017]; root of context hierarchy
[INFO] [2017-11-26 12:14:39][org.springframework.beans.factory.config.PropertyPlaceholderConfigurer]Loading properties file from class path resource [jdbc.properties]
[INFO] [2017-11-26 12:14:39][org.springframework.beans.factory.annotation.AutowiredAnnotationBeanPostProcessor]JSR-330 'javax.inject.Inject' annotation found and supported for autowiring
[INFO] [2017-11-26 12:14:39][org.springframework.scheduling.concurrent.ThreadPoolTaskExecutor]Initializing ExecutorService 
[INFO] [2017-11-26 12:14:39][org.springframework.context.support.PostProcessorRegistrationDelegate$BeanPostProcessorChecker]Bean 'executor' of type [class org.springframework.scheduling.config.TaskExecutorFactoryBean] is not eligible for getting processed by all BeanPostProcessors (for example: not eligible for auto-proxying)
[INFO] [2017-11-26 12:14:39][org.springframework.context.support.PostProcessorRegistrationDelegate$BeanPostProcessorChecker]Bean 'executor' of type [class org.springframework.scheduling.concurrent.ThreadPoolTaskExecutor] is not eligible for getting processed by all BeanPostProcessors (for example: not eligible for auto-proxying)
[INFO] [2017-11-26 12:14:39][org.springframework.scheduling.concurrent.ThreadPoolTaskScheduler]Initializing ExecutorService  'scheduler'
[INFO] [2017-11-26 12:14:39][org.springframework.context.support.PostProcessorRegistrationDelegate$BeanPostProcessorChecker]Bean 'scheduler' of type [class org.springframework.scheduling.concurrent.ThreadPoolTaskScheduler] is not eligible for getting processed by all BeanPostProcessors (for example: not eligible for auto-proxying)
[INFO] [2017-11-26 12:14:40][org.springframework.context.support.GenericApplicationContext]Closing org.springframework.context.support.GenericApplicationContext@a12c19: startup date [Sun Nov 26 12:14:39 CST 2017]; root of context hierarchy
[INFO] [2017-11-26 12:14:40][org.springframework.scheduling.concurrent.ThreadPoolTaskScheduler]Shutting down ExecutorService 'scheduler'
[INFO] [2017-11-26 12:14:40][org.springframework.scheduling.concurrent.ThreadPoolTaskExecutor]Shutting down ExecutorService
[INFO] [2017-11-26 12:15:26][org.springframework.beans.factory.xml.XmlBeanDefinitionReader]Loading XML bean definitions from class path resource [spring-mybatis.xml]
[INFO] [2017-11-26 12:15:26][org.springframework.context.support.GenericApplicationContext]Refreshing org.springframework.context.support.GenericApplicationContext@a12c19: startup date [Sun Nov 26 12:15:26 CST 2017]; root of context hierarchy
[INFO] [2017-11-26 12:15:26][org.springframework.beans.factory.config.PropertyPlaceholderConfigurer]Loading properties file from class path resource [jdbc.properties]
[INFO] [2017-11-26 12:15:26][org.springframework.beans.factory.annotation.AutowiredAnnotationBeanPostProcessor]JSR-330 'javax.inject.Inject' annotation found and supported for autowiring
[INFO] [2017-11-26 12:15:26][org.springframework.scheduling.concurrent.ThreadPoolTaskExecutor]Initializing ExecutorService 
[INFO] [2017-11-26 12:15:26][org.springframework.context.support.PostProcessorRegistrationDelegate$BeanPostProcessorChecker]Bean 'executor' of type [class org.springframework.scheduling.config.TaskExecutorFactoryBean] is not eligible for getting processed by all BeanPostProcessors (for example: not eligible for auto-proxying)
[INFO] [2017-11-26 12:15:26][org.springframework.context.support.PostProcessorRegistrationDelegate$BeanPostProcessorChecker]Bean 'executor' of type [class org.springframework.scheduling.concurrent.ThreadPoolTaskExecutor] is not eligible for getting processed by all BeanPostProcessors (for example: not eligible for auto-proxying)
[INFO] [2017-11-26 12:15:26][org.springframework.scheduling.concurrent.ThreadPoolTaskScheduler]Initializing ExecutorService  'scheduler'
[INFO] [2017-11-26 12:15:26][org.springframework.context.support.PostProcessorRegistrationDelegate$BeanPostProcessorChecker]Bean 'scheduler' of type [class org.springframework.scheduling.concurrent.ThreadPoolTaskScheduler] is not eligible for getting processed by all BeanPostProcessors (for example: not eligible for auto-proxying)
[INFO] [2017-11-26 12:15:27][org.springframework.context.support.GenericApplicationContext]Closing org.springframework.context.support.GenericApplicationContext@a12c19: startup date [Sun Nov 26 12:15:26 CST 2017]; root of context hierarchy
[INFO] [2017-11-26 12:15:27][org.springframework.scheduling.concurrent.ThreadPoolTaskScheduler]Shutting down ExecutorService 'scheduler'
[INFO] [2017-11-26 12:15:27][org.springframework.scheduling.concurrent.ThreadPoolTaskExecutor]Shutting down ExecutorService
[INFO] [2017-11-26 12:21:30][org.springframework.beans.factory.xml.XmlBeanDefinitionReader]Loading XML bean definitions from class path resource [spring-mybatis.xml]
[INFO] [2017-11-26 12:21:30][org.springframework.context.support.GenericApplicationContext]Refreshing org.springframework.context.support.GenericApplicationContext@a12c19: startup date [Sun Nov 26 12:21:30 CST 2017]; root of context hierarchy
[INFO] [2017-11-26 12:21:30][org.springframework.beans.factory.config.PropertyPlaceholderConfigurer]Loading properties file from class path resource [jdbc.properties]
[INFO] [2017-11-26 12:21:30][org.springframework.beans.factory.annotation.AutowiredAnnotationBeanPostProcessor]JSR-330 'javax.inject.Inject' annotation found and supported for autowiring
[INFO] [2017-11-26 12:21:30][org.springframework.scheduling.concurrent.ThreadPoolTaskExecutor]Initializing ExecutorService 
[INFO] [2017-11-26 12:21:30][org.springframework.context.support.PostProcessorRegistrationDelegate$BeanPostProcessorChecker]Bean 'executor' of type [class org.springframework.scheduling.config.TaskExecutorFactoryBean] is not eligible for getting processed by all BeanPostProcessors (for example: not eligible for auto-proxying)
[INFO] [2017-11-26 12:21:30][org.springframework.context.support.PostProcessorRegistrationDelegate$BeanPostProcessorChecker]Bean 'executor' of type [class org.springframework.scheduling.concurrent.ThreadPoolTaskExecutor] is not eligible for getting processed by all BeanPostProcessors (for example: not eligible for auto-proxying)
[INFO] [2017-11-26 12:21:30][org.springframework.scheduling.concurrent.ThreadPoolTaskScheduler]Initializing ExecutorService  'scheduler'
[INFO] [2017-11-26 12:21:30][org.springframework.context.support.PostProcessorRegistrationDelegate$BeanPostProcessorChecker]Bean 'scheduler' of type [class org.springframework.scheduling.concurrent.ThreadPoolTaskScheduler] is not eligible for getting processed by all BeanPostProcessors (for example: not eligible for auto-proxying)
[INFO] [2017-11-26 12:21:31][org.springframework.context.support.GenericApplicationContext]Closing org.springframework.context.support.GenericApplicationContext@a12c19: startup date [Sun Nov 26 12:21:30 CST 2017]; root of context hierarchy
[INFO] [2017-11-26 12:21:31][org.springframework.scheduling.concurrent.ThreadPoolTaskScheduler]Shutting down ExecutorService 'scheduler'
[INFO] [2017-11-26 12:21:31][org.springframework.scheduling.concurrent.ThreadPoolTaskExecutor]Shutting down ExecutorService
[INFO] [2017-11-26 12:22:34][org.springframework.beans.factory.xml.XmlBeanDefinitionReader]Loading XML bean definitions from class path resource [spring-mybatis.xml]
[INFO] [2017-11-26 12:22:34][org.springframework.context.support.GenericApplicationContext]Refreshing org.springframework.context.support.GenericApplicationContext@a12c19: startup date [Sun Nov 26 12:22:34 CST 2017]; root of context hierarchy
[INFO] [2017-11-26 12:22:34][org.springframework.beans.factory.config.PropertyPlaceholderConfigurer]Loading properties file from class path resource [jdbc.properties]
[INFO] [2017-11-26 12:22:34][org.springframework.beans.factory.annotation.AutowiredAnnotationBeanPostProcessor]JSR-330 'javax.inject.Inject' annotation found and supported for autowiring
[INFO] [2017-11-26 12:22:34][org.springframework.scheduling.concurrent.ThreadPoolTaskExecutor]Initializing ExecutorService 
[INFO] [2017-11-26 12:22:34][org.springframework.context.support.PostProcessorRegistrationDelegate$BeanPostProcessorChecker]Bean 'executor' of type [class org.springframework.scheduling.config.TaskExecutorFactoryBean] is not eligible for getting processed by all BeanPostProcessors (for example: not eligible for auto-proxying)
[INFO] [2017-11-26 12:22:34][org.springframework.context.support.PostProcessorRegistrationDelegate$BeanPostProcessorChecker]Bean 'executor' of type [class org.springframework.scheduling.concurrent.ThreadPoolTaskExecutor] is not eligible for getting processed by all BeanPostProcessors (for example: not eligible for auto-proxying)
[INFO] [2017-11-26 12:22:34][org.springframework.scheduling.concurrent.ThreadPoolTaskScheduler]Initializing ExecutorService  'scheduler'
[INFO] [2017-11-26 12:22:34][org.springframework.context.support.PostProcessorRegistrationDelegate$BeanPostProcessorChecker]Bean 'scheduler' of type [class org.springframework.scheduling.concurrent.ThreadPoolTaskScheduler] is not eligible for getting processed by all BeanPostProcessors (for example: not eligible for auto-proxying)
[INFO] [2017-11-26 12:22:35][org.springframework.context.support.GenericApplicationContext]Closing org.springframework.context.support.GenericApplicationContext@a12c19: startup date [Sun Nov 26 12:22:34 CST 2017]; root of context hierarchy
[INFO] [2017-11-26 12:22:35][org.springframework.scheduling.concurrent.ThreadPoolTaskScheduler]Shutting down ExecutorService 'scheduler'
[INFO] [2017-11-26 12:22:35][org.springframework.scheduling.concurrent.ThreadPoolTaskExecutor]Shutting down ExecutorService
[INFO] [2017-11-26 12:23:10][org.springframework.beans.factory.xml.XmlBeanDefinitionReader]Loading XML bean definitions from class path resource [spring-mybatis.xml]
[INFO] [2017-11-26 12:23:10][org.springframework.context.support.GenericApplicationContext]Refreshing org.springframework.context.support.GenericApplicationContext@a12c19: startup date [Sun Nov 26 12:23:10 CST 2017]; root of context hierarchy
[INFO] [2017-11-26 12:23:10][org.springframework.beans.factory.config.PropertyPlaceholderConfigurer]Loading properties file from class path resource [jdbc.properties]
[INFO] [2017-11-26 12:23:10][org.springframework.beans.factory.annotation.AutowiredAnnotationBeanPostProcessor]JSR-330 'javax.inject.Inject' annotation found and supported for autowiring
[INFO] [2017-11-26 12:23:10][org.springframework.scheduling.concurrent.ThreadPoolTaskExecutor]Initializing ExecutorService 
[INFO] [2017-11-26 12:23:10][org.springframework.context.support.PostProcessorRegistrationDelegate$BeanPostProcessorChecker]Bean 'executor' of type [class org.springframework.scheduling.config.TaskExecutorFactoryBean] is not eligible for getting processed by all BeanPostProcessors (for example: not eligible for auto-proxying)
[INFO] [2017-11-26 12:23:10][org.springframework.context.support.PostProcessorRegistrationDelegate$BeanPostProcessorChecker]Bean 'executor' of type [class org.springframework.scheduling.concurrent.ThreadPoolTaskExecutor] is not eligible for getting processed by all BeanPostProcessors (for example: not eligible for auto-proxying)
[INFO] [2017-11-26 12:23:11][org.springframework.scheduling.concurrent.ThreadPoolTaskScheduler]Initializing ExecutorService  'scheduler'
[INFO] [2017-11-26 12:23:11][org.springframework.context.support.PostProcessorRegistrationDelegate$BeanPostProcessorChecker]Bean 'scheduler' of type [class org.springframework.scheduling.concurrent.ThreadPoolTaskScheduler] is not eligible for getting processed by all BeanPostProcessors (for example: not eligible for auto-proxying)
[INFO] [2017-11-26 12:23:11][org.springframework.context.support.GenericApplicationContext]Closing org.springframework.context.support.GenericApplicationContext@a12c19: startup date [Sun Nov 26 12:23:10 CST 2017]; root of context hierarchy
[INFO] [2017-11-26 12:23:11][org.springframework.scheduling.concurrent.ThreadPoolTaskScheduler]Shutting down ExecutorService 'scheduler'
[INFO] [2017-11-26 12:23:11][org.springframework.scheduling.concurrent.ThreadPoolTaskExecutor]Shutting down ExecutorService
[INFO] [2017-11-26 12:23:44][org.springframework.beans.factory.xml.XmlBeanDefinitionReader]Loading XML bean definitions from class path resource [spring-mybatis.xml]
[INFO] [2017-11-26 12:23:44][org.springframework.context.support.GenericApplicationContext]Refreshing org.springframework.context.support.GenericApplicationContext@a12c19: startup date [Sun Nov 26 12:23:44 CST 2017]; root of context hierarchy
[INFO] [2017-11-26 12:23:44][org.springframework.beans.factory.config.PropertyPlaceholderConfigurer]Loading properties file from class path resource [jdbc.properties]
[INFO] [2017-11-26 12:23:44][org.springframework.beans.factory.annotation.AutowiredAnnotationBeanPostProcessor]JSR-330 'javax.inject.Inject' annotation found and supported for autowiring
[INFO] [2017-11-26 12:23:44][org.springframework.scheduling.concurrent.ThreadPoolTaskExecutor]Initializing ExecutorService 
[INFO] [2017-11-26 12:23:44][org.springframework.context.support.PostProcessorRegistrationDelegate$BeanPostProcessorChecker]Bean 'executor' of type [class org.springframework.scheduling.config.TaskExecutorFactoryBean] is not eligible for getting processed by all BeanPostProcessors (for example: not eligible for auto-proxying)
[INFO] [2017-11-26 12:23:44][org.springframework.context.support.PostProcessorRegistrationDelegate$BeanPostProcessorChecker]Bean 'executor' of type [class org.springframework.scheduling.concurrent.ThreadPoolTaskExecutor] is not eligible for getting processed by all BeanPostProcessors (for example: not eligible for auto-proxying)
[INFO] [2017-11-26 12:23:44][org.springframework.scheduling.concurrent.ThreadPoolTaskScheduler]Initializing ExecutorService  'scheduler'
[INFO] [2017-11-26 12:23:44][org.springframework.context.support.PostProcessorRegistrationDelegate$BeanPostProcessorChecker]Bean 'scheduler' of type [class org.springframework.scheduling.concurrent.ThreadPoolTaskScheduler] is not eligible for getting processed by all BeanPostProcessors (for example: not eligible for auto-proxying)
[INFO] [2017-11-26 12:23:45][org.springframework.context.support.GenericApplicationContext]Closing org.springframework.context.support.GenericApplicationContext@a12c19: startup date [Sun Nov 26 12:23:44 CST 2017]; root of context hierarchy
[INFO] [2017-11-26 12:23:45][org.springframework.scheduling.concurrent.ThreadPoolTaskScheduler]Shutting down ExecutorService 'scheduler'
[INFO] [2017-11-26 12:23:45][org.springframework.scheduling.concurrent.ThreadPoolTaskExecutor]Shutting down ExecutorService
[INFO] [2017-11-26 13:50:16][org.springframework.beans.factory.xml.XmlBeanDefinitionReader]Loading XML bean definitions from class path resource [spring-mybatis.xml]
[INFO] [2017-11-26 13:50:16][org.springframework.context.support.GenericApplicationContext]Refreshing org.springframework.context.support.GenericApplicationContext@a12c19: startup date [Sun Nov 26 13:50:16 CST 2017]; root of context hierarchy
[INFO] [2017-11-26 13:50:16][org.springframework.beans.factory.config.PropertyPlaceholderConfigurer]Loading properties file from class path resource [jdbc.properties]
[INFO] [2017-11-26 13:50:16][org.springframework.beans.factory.annotation.AutowiredAnnotationBeanPostProcessor]JSR-330 'javax.inject.Inject' annotation found and supported for autowiring
[INFO] [2017-11-26 13:50:16][org.springframework.scheduling.concurrent.ThreadPoolTaskExecutor]Initializing ExecutorService 
[INFO] [2017-11-26 13:50:16][org.springframework.context.support.PostProcessorRegistrationDelegate$BeanPostProcessorChecker]Bean 'executor' of type [class org.springframework.scheduling.config.TaskExecutorFactoryBean] is not eligible for getting processed by all BeanPostProcessors (for example: not eligible for auto-proxying)
[INFO] [2017-11-26 13:50:16][org.springframework.context.support.PostProcessorRegistrationDelegate$BeanPostProcessorChecker]Bean 'executor' of type [class org.springframework.scheduling.concurrent.ThreadPoolTaskExecutor] is not eligible for getting processed by all BeanPostProcessors (for example: not eligible for auto-proxying)
[INFO] [2017-11-26 13:50:16][org.springframework.scheduling.concurrent.ThreadPoolTaskScheduler]Initializing ExecutorService  'scheduler'
[INFO] [2017-11-26 13:50:16][org.springframework.context.support.PostProcessorRegistrationDelegate$BeanPostProcessorChecker]Bean 'scheduler' of type [class org.springframework.scheduling.concurrent.ThreadPoolTaskScheduler] is not eligible for getting processed by all BeanPostProcessors (for example: not eligible for auto-proxying)
[INFO] [2017-11-26 13:50:17][org.springframework.context.support.GenericApplicationContext]Closing org.springframework.context.support.GenericApplicationContext@a12c19: startup date [Sun Nov 26 13:50:16 CST 2017]; root of context hierarchy
[INFO] [2017-11-26 13:50:17][org.springframework.scheduling.concurrent.ThreadPoolTaskScheduler]Shutting down ExecutorService 'scheduler'
[INFO] [2017-11-26 13:50:17][org.springframework.scheduling.concurrent.ThreadPoolTaskExecutor]Shutting down ExecutorService
[INFO] [2017-11-26 13:51:17][org.springframework.beans.factory.xml.XmlBeanDefinitionReader]Loading XML bean definitions from class path resource [spring-mybatis.xml]
[INFO] [2017-11-26 13:51:17][org.springframework.context.support.GenericApplicationContext]Refreshing org.springframework.context.support.GenericApplicationContext@1dc8ecb: startup date [Sun Nov 26 13:51:17 CST 2017]; root of context hierarchy
[INFO] [2017-11-26 13:51:18][org.springframework.beans.factory.config.PropertyPlaceholderConfigurer]Loading properties file from class path resource [jdbc.properties]
[INFO] [2017-11-26 13:51:18][org.springframework.beans.factory.annotation.AutowiredAnnotationBeanPostProcessor]JSR-330 'javax.inject.Inject' annotation found and supported for autowiring
[INFO] [2017-11-26 13:51:18][org.springframework.scheduling.concurrent.ThreadPoolTaskExecutor]Initializing ExecutorService 
[INFO] [2017-11-26 13:51:18][org.springframework.context.support.PostProcessorRegistrationDelegate$BeanPostProcessorChecker]Bean 'executor' of type [class org.springframework.scheduling.config.TaskExecutorFactoryBean] is not eligible for getting processed by all BeanPostProcessors (for example: not eligible for auto-proxying)
[INFO] [2017-11-26 13:51:18][org.springframework.context.support.PostProcessorRegistrationDelegate$BeanPostProcessorChecker]Bean 'executor' of type [class org.springframework.scheduling.concurrent.ThreadPoolTaskExecutor] is not eligible for getting processed by all BeanPostProcessors (for example: not eligible for auto-proxying)
[INFO] [2017-11-26 13:51:18][org.springframework.scheduling.concurrent.ThreadPoolTaskScheduler]Initializing ExecutorService  'scheduler'
[INFO] [2017-11-26 13:51:18][org.springframework.context.support.PostProcessorRegistrationDelegate$BeanPostProcessorChecker]Bean 'scheduler' of type [class org.springframework.scheduling.concurrent.ThreadPoolTaskScheduler] is not eligible for getting processed by all BeanPostProcessors (for example: not eligible for auto-proxying)
[INFO] [2017-11-26 13:51:44][org.springframework.context.support.GenericApplicationContext]Closing org.springframework.context.support.GenericApplicationContext@1dc8ecb: startup date [Sun Nov 26 13:51:17 CST 2017]; root of context hierarchy
[INFO] [2017-11-26 13:51:44][org.springframework.scheduling.concurrent.ThreadPoolTaskScheduler]Shutting down ExecutorService 'scheduler'
[INFO] [2017-11-26 13:51:44][org.springframework.scheduling.concurrent.ThreadPoolTaskExecutor]Shutting down ExecutorService
[INFO] [2017-11-26 13:56:25][org.springframework.beans.factory.xml.XmlBeanDefinitionReader]Loading XML bean definitions from class path resource [spring-mybatis.xml]
[INFO] [2017-11-26 13:56:25][org.springframework.context.support.GenericApplicationContext]Refreshing org.springframework.context.support.GenericApplicationContext@a12c19: startup date [Sun Nov 26 13:56:25 CST 2017]; root of context hierarchy
[INFO] [2017-11-26 13:56:25][org.springframework.beans.factory.config.PropertyPlaceholderConfigurer]Loading properties file from class path resource [jdbc.properties]
[INFO] [2017-11-26 13:56:25][org.springframework.beans.factory.annotation.AutowiredAnnotationBeanPostProcessor]JSR-330 'javax.inject.Inject' annotation found and supported for autowiring
[INFO] [2017-11-26 13:56:25][org.springframework.scheduling.concurrent.ThreadPoolTaskExecutor]Initializing ExecutorService 
[INFO] [2017-11-26 13:56:25][org.springframework.context.support.PostProcessorRegistrationDelegate$BeanPostProcessorChecker]Bean 'executor' of type [class org.springframework.scheduling.config.TaskExecutorFactoryBean] is not eligible for getting processed by all BeanPostProcessors (for example: not eligible for auto-proxying)
[INFO] [2017-11-26 13:56:25][org.springframework.context.support.PostProcessorRegistrationDelegate$BeanPostProcessorChecker]Bean 'executor' of type [class org.springframework.scheduling.concurrent.ThreadPoolTaskExecutor] is not eligible for getting processed by all BeanPostProcessors (for example: not eligible for auto-proxying)
[INFO] [2017-11-26 13:56:25][org.springframework.scheduling.concurrent.ThreadPoolTaskScheduler]Initializing ExecutorService  'scheduler'
[INFO] [2017-11-26 13:56:25][org.springframework.context.support.PostProcessorRegistrationDelegate$BeanPostProcessorChecker]Bean 'scheduler' of type [class org.springframework.scheduling.concurrent.ThreadPoolTaskScheduler] is not eligible for getting processed by all BeanPostProcessors (for example: not eligible for auto-proxying)
[INFO] [2017-11-26 13:56:26][com.auction.service.AuctionSysUserService]执行任务开始: 2017-11-26 13:56:26
[INFO] [2017-11-26 13:56:26][org.springframework.context.support.GenericApplicationContext]Closing org.springframework.context.support.GenericApplicationContext@a12c19: startup date [Sun Nov 26 13:56:25 CST 2017]; root of context hierarchy
[INFO] [2017-11-26 13:56:26][org.springframework.scheduling.concurrent.ThreadPoolTaskScheduler]Shutting down ExecutorService 'scheduler'
[INFO] [2017-11-26 13:56:26][org.springframework.scheduling.concurrent.ThreadPoolTaskExecutor]Shutting down ExecutorService
[INFO] [2017-11-26 13:56:58][org.springframework.beans.factory.xml.XmlBeanDefinitionReader]Loading XML bean definitions from class path resource [spring-mybatis.xml]
[INFO] [2017-11-26 13:56:59][org.springframework.context.support.GenericApplicationContext]Refreshing org.springframework.context.support.GenericApplicationContext@a12c19: startup date [Sun Nov 26 13:56:59 CST 2017]; root of context hierarchy
[INFO] [2017-11-26 13:56:59][org.springframework.beans.factory.config.PropertyPlaceholderConfigurer]Loading properties file from class path resource [jdbc.properties]
[INFO] [2017-11-26 13:56:59][org.springframework.beans.factory.annotation.AutowiredAnnotationBeanPostProcessor]JSR-330 'javax.inject.Inject' annotation found and supported for autowiring
[INFO] [2017-11-26 13:56:59][org.springframework.scheduling.concurrent.ThreadPoolTaskExecutor]Initializing ExecutorService 
[INFO] [2017-11-26 13:56:59][org.springframework.context.support.PostProcessorRegistrationDelegate$BeanPostProcessorChecker]Bean 'executor' of type [class org.springframework.scheduling.config.TaskExecutorFactoryBean] is not eligible for getting processed by all BeanPostProcessors (for example: not eligible for auto-proxying)
[INFO] [2017-11-26 13:56:59][org.springframework.context.support.PostProcessorRegistrationDelegate$BeanPostProcessorChecker]Bean 'executor' of type [class org.springframework.scheduling.concurrent.ThreadPoolTaskExecutor] is not eligible for getting processed by all BeanPostProcessors (for example: not eligible for auto-proxying)
[INFO] [2017-11-26 13:56:59][org.springframework.scheduling.concurrent.ThreadPoolTaskScheduler]Initializing ExecutorService  'scheduler'
[INFO] [2017-11-26 13:56:59][org.springframework.context.support.PostProcessorRegistrationDelegate$BeanPostProcessorChecker]Bean 'scheduler' of type [class org.springframework.scheduling.concurrent.ThreadPoolTaskScheduler] is not eligible for getting processed by all BeanPostProcessors (for example: not eligible for auto-proxying)
[INFO] [2017-11-26 13:57:00][com.auction.service.AuctionSysUserService]执行任务开始: 2017-11-26 13:57:00
[INFO] [2017-11-26 13:57:00][com.auction.service.AuctionSysUserService]执行任务结束: 执行时间 337
[INFO] [2017-11-26 13:57:00][org.springframework.context.support.GenericApplicationContext]Closing org.springframework.context.support.GenericApplicationContext@a12c19: startup date [Sun Nov 26 13:56:59 CST 2017]; root of context hierarchy
[INFO] [2017-11-26 13:57:00][org.springframework.scheduling.concurrent.ThreadPoolTaskScheduler]Shutting down ExecutorService 'scheduler'
[INFO] [2017-11-26 13:57:00][org.springframework.scheduling.concurrent.ThreadPoolTaskExecutor]Shutting down ExecutorService
[INFO] [2017-11-26 13:57:17][org.springframework.beans.factory.xml.XmlBeanDefinitionReader]Loading XML bean definitions from class path resource [spring-mybatis.xml]
[INFO] [2017-11-26 13:57:17][org.springframework.context.support.GenericApplicationContext]Refreshing org.springframework.context.support.GenericApplicationContext@e139a4: startup date [Sun Nov 26 13:57:17 CST 2017]; root of context hierarchy
[INFO] [2017-11-26 13:57:17][org.springframework.beans.factory.config.PropertyPlaceholderConfigurer]Loading properties file from class path resource [jdbc.properties]
[INFO] [2017-11-26 13:57:17][org.springframework.beans.factory.annotation.AutowiredAnnotationBeanPostProcessor]JSR-330 'javax.inject.Inject' annotation found and supported for autowiring
[INFO] [2017-11-26 13:57:17][org.springframework.scheduling.concurrent.ThreadPoolTaskExecutor]Initializing ExecutorService 
[INFO] [2017-11-26 13:57:17][org.springframework.context.support.PostProcessorRegistrationDelegate$BeanPostProcessorChecker]Bean 'executor' of type [class org.springframework.scheduling.config.TaskExecutorFactoryBean] is not eligible for getting processed by all BeanPostProcessors (for example: not eligible for auto-proxying)
[INFO] [2017-11-26 13:57:17][org.springframework.context.support.PostProcessorRegistrationDelegate$BeanPostProcessorChecker]Bean 'executor' of type [class org.springframework.scheduling.concurrent.ThreadPoolTaskExecutor] is not eligible for getting processed by all BeanPostProcessors (for example: not eligible for auto-proxying)
[INFO] [2017-11-26 13:57:17][org.springframework.scheduling.concurrent.ThreadPoolTaskScheduler]Initializing ExecutorService  'scheduler'
[INFO] [2017-11-26 13:57:17][org.springframework.context.support.PostProcessorRegistrationDelegate$BeanPostProcessorChecker]Bean 'scheduler' of type [class org.springframework.scheduling.concurrent.ThreadPoolTaskScheduler] is not eligible for getting processed by all BeanPostProcessors (for example: not eligible for auto-proxying)
[INFO] [2017-11-26 13:57:18][com.auction.service.AuctionSysUserService]执行任务开始: 2017-11-26 13:57:18
